1637255085669	geckodriver	INFO	Listening on 127.0.0.1:4082
1637255088780	mozrunner::runner	INFO	Running command: "D:\\Program Files\\Mozilla Firefox\\firefox.exe" "--marionette" "--remote-debugging-port" "4083" "-no-remote" "-profile" "C:\\Users\\Cxs\\AppData\\Local\\Temp\\rust_mozprofilepysus3"
1637255092959	Marionette	INFO	Marionette enabled
console.warn: SearchSettings: "get: No settings file exists, new profile?" (new NotFoundError("Could not open the file at C:\\Users\\Cxs\\AppData\\Local\\Temp\\rust_mozprofilepysus3\\search.json.mozlz4", (void 0)))
console.error: BackgroundUpdate: 
  maybeScheduleBackgroundUpdateTask: exiting after uncaught exception in maybeScheduleBackgroundUpdateTask!
  Message: [Exception... "Component returned failure code: 0x80004005 (NS_ERROR_FAILURE) [nsIWinTaskSchedulerService.deleteTask]"  nsresult: "0x80004005 (NS_ERROR_FAILURE)"  location: "JS frame :: resource://gre/modules/TaskSchedulerWinImpl.jsm :: deleteTask :: line 60"  data: no]
  Stack:
    deleteTask@resource://gre/modules/TaskSchedulerWinImpl.jsm:60:16
deleteTask@resource://gre/modules/TaskScheduler.jsm:145:18
maybeScheduleBackgroundUpdateTask@resource://gre/modules/BackgroundUpdate.jsm:478:31

DevTools listening on ws://localhost:4083/devtools/browser/a58955a9-42ac-4d65-8c50-fe66c23c6d37
1637255098658	Marionette	INFO	Listening on port 4089
1637255098778	RemoteAgent	WARN	TLS certificate errors will be ignored for this session
JavaScript warning: https://g.alicdn.com/??kissy/k/6.2.4/seed-min.js,kg/global-util/1.0.7/index-min.js,secdev/sufei_data/3.8.7/index.js, line 6: WebGL context was lost.
JavaScript warning: https://g.alicdn.com/??xlly/spl/rp.js,secdev/nsv/1.0.78/ns_e_88_3_n.js?v=1, line 5: WebGL context was lost.
JavaScript warning: https://g.alicdn.com/AWSC/et/1.62.1/et_n.js, line 1: WEBGL_debug_renderer_info is deprecated in Firefox and will be removed. Please use RENDERER.
JavaScript warning: https://g.alicdn.com/AWSC/et/1.62.1/et_n.js, line 4: WebGL context was lost.
1637255105935	Marionette	INFO	Stopped listening on port 4089
console.error: services.settings: 
  main/query-stripping Signature failed  TypeError: NetworkError: Network request failed
console.warn: TopSitesFeed: Failed to fetch data from Contile server: NetworkError when attempting to fetch resource.

###!!! [Parent][RunMessage] Error: Channel closing: too late to send/recv, messages will be lost

1637255571769	geckodriver	INFO	Listening on 127.0.0.1:8101
1637255575426	mozrunner::runner	INFO	Running command: "D:\\Program Files\\Mozilla Firefox\\firefox.exe" "--marionette" "--remote-debugging-port" "8102" "-no-remote" "-profile" "C:\\Users\\Cxs\\AppData\\Local\\Temp\\rust_mozprofilem0JSUz"
1637255578901	Marionette	INFO	Marionette enabled
console.warn: SearchSettings: "get: No settings file exists, new profile?" (new NotFoundError("Could not open the file at C:\\Users\\Cxs\\AppData\\Local\\Temp\\rust_mozprofilem0JSUz\\search.json.mozlz4", (void 0)))
console.error: BackgroundUpdate: 
  maybeScheduleBackgroundUpdateTask: exiting after uncaught exception in maybeScheduleBackgroundUpdateTask!
  Message: [Exception... "Component returned failure code: 0x80004005 (NS_ERROR_FAILURE) [nsIWinTaskSchedulerService.deleteTask]"  nsresult: "0x80004005 (NS_ERROR_FAILURE)"  location: "JS frame :: resource://gre/modules/TaskSchedulerWinImpl.jsm :: deleteTask :: line 60"  data: no]
  Stack:
    deleteTask@resource://gre/modules/TaskSchedulerWinImpl.jsm:60:16
deleteTask@resource://gre/modules/TaskScheduler.jsm:145:18
maybeScheduleBackgroundUpdateTask@resource://gre/modules/BackgroundUpdate.jsm:478:31

DevTools listening on ws://localhost:8102/devtools/browser/879c4d53-4d23-484c-9d34-bf7ec895ea75
1637255589027	Marionette	INFO	Listening on port 5496
1637255589156	RemoteAgent	WARN	TLS certificate errors will be ignored for this session
JavaScript warning: https://g.alicdn.com/??kissy/k/6.2.4/seed-min.js,kg/global-util/1.0.7/index-min.js,secdev/sufei_data/3.8.7/index.js, line 6: WebGL context was lost.
JavaScript warning: https://g.alicdn.com/??xlly/spl/rp.js,secdev/nsv/1.0.78/ns_e_88_3_n.js?v=1, line 5: WebGL context was lost.
JavaScript warning: https://g.alicdn.com/AWSC/et/1.62.1/et_n.js, line 1: WEBGL_debug_renderer_info is deprecated in Firefox and will be removed. Please use RENDERER.
JavaScript warning: https://g.alicdn.com/AWSC/et/1.62.1/et_n.js, line 4: WebGL context was lost.
console.error: services.settings: 
  main/query-stripping 1637255614658	mozrunner::runner	INFO	Running command: "D:\\Program JavaScript warning: https://g.alicdn.com/AWSC/et/1.62.1/et_n.js, line 1: WEBGL_debug_renderer_info is deprecated in Firefox and will be removed. Please use RENDERER.
JavaScript warning: https://g.alicdn.com/AWSC/et/1.62.console.warn: SearchSettings: "get: No settings file exists, new profile?" (new NotFoundError("Could not open the file at C:\\Users\\Cxs\\AppData\\Local\\Temp\\rust_mozprofileqcpJnC\\search.json.mozlz4", (void 0)))
console.error: BackgroundUpdate: 
  maybeScheduleBackgroundUpdateTask: exiting after uncaught exception in maybeScheduleBackgroundUpdateTask!
  Message: [Exception... "Component returned failure code: 0x80004005 (NS_ERROR_FAILURE) [nsIWinTaskSchedulerService.deleteTask]"  nsresult: "0x80004005 (NS_ERROR_FAILURE)"  location: "JS frame :: resource://gre/modules/TaskSchedulerWinImpl.jsm :: deleteTask :: line 60" 1637255622092	Marionette	INFO	Stopped listening on port 5496
console.warn: TopSitesFeed: Failed to fetch data from Contile server: NetworkError when attempting to fetch resource.
[Parent 10540, IPC I/O Parent] WARNING: file /builds/worker/checkouts/gecko/ipc/chromium/src/base/process_util_win.cc:167
30d-06bd-482f-9db2-c71299514e64
1637255621731	Marionette	INFO	Listening on port 5043
1637255622594	RemoteAgent	WARN	TLS certificate errors will be ignored for this session
JavaScript warning: https://g.alicdn.com/??kissy/k/6.2.4/seed-min.js,kg/global-util/1.0.7/index-min.js,secdev/sufei_data/3.8.7/index.js, line 6: WebGL context was lost.
JavaScript warning: https://g.alicdn.com/??xlly/spl/rp.js,secdev/nsv/1.0.78/ns_e_88_3_n.js?v=1, line 5: WebGL context was lost.
JavaScript warning: https://g.alicdn.com/AWSC/et/1.62.1/et_n.js, line 1: WEBGL_debug_renderer_info is deprecated in Firefox and will be removed. Please use RENDERER.
JavaScript warning: https://g.alicdn.com/AWSC/et/1.62.1/et_n.js, line 4: WebGL context was lost.
console.error: services.settings: 
  main/query-stripping Signature failed  TypeError: NetworkError: Network request failed
JavaScript error: resource://devtools/server/actors/network-monitor/network-event-actor.js, line 110: Error: Got a request https://g.alicdn.com/tbhome/tb-nav/index.css without a browsingContextID set
1637255700771	Marionette	INFO	Stopped listening on port 50431637255702509	mozrunner::runner	INFO	Running command: "D:\\Program Files\\Mozilla Firefox\\firefox.exe" "--marionette" "--remote-debugging-port" "12872" "-no-remote" "-profile" "C:\\Users\\Cxs\\AppData\\Local\\Temp\\rust_mozprofileOp87rG"
1637255703890	Marionette	INFO	Marionette enabled
console.warn: SearchSettings: "get: No settings file exists, new profile?" (new NotFoundError("Could not open the file at C:\\Users\\Cxs\\AppData\\Local\\Temp\\rust_mozprofileOp87rG\\search.json.mozlz4", (void 0)))
console.error: BackgroundUpdate: 
  maybeScheduleBackgroundUpdateTask: exiting after uncaught exception in maybeScheduleBackgroundUpdateTask!
  Message: [Exception... "Component returned failure code: 0x80004005 (NS_ERROR_FAILURE) [nsIWinTaskSchedulerService.deleteTask]"  nsresult: "0x80004005 (NS_ERROR_FAILURE)"  location: "JS frame :: resource://gre/modules/TaskSchedulerWinImpl.jsm :: deleteTask :: line 60"  data: no]
  Stack:
    deleteTask@resource://gre/modules/TaskSchedulerWinImpl.jsm:60:16
deleteTask@resource://gre/modules/TaskScheduler.jsm:145:18
maybeScheduleBackgroundUpdateTask@resource://gre/modules/BackgroundUpdate.jsm:478:31

DevTools listening on ws://localhost:12872/devtools/browser/047d2ab2-5134-4ece-ad30-96657f69db20
1637255707727	Marionette	INFO	Listening on port 12878
1637255707854	RemoteAgent	WARN	TLS certificate errors will be ignored for this session
JavaScript warning: https://g.alicdn.com/??kissy/k/6.2.4/seed-min.js,kg/global-util/1.0.7/index-min.js,secdev/sufei_data/3.8.7/index.js, line 6: WebGL context was lost.
JavaScript warning: https://g.alicdn.com/??xlly/spl/rp.js,secdev/nsv/1.0.78/ns_e_88_3_n.js?v=1, line 5: WebGL context was lost.
JavaScript warning: https://g.alicdn.com/AWSC/et/1.62.1/et_n.js, line 1: WEBGL_debug_renderer_info is deprecated in Firefox and will be removed. Please use RENDERER.
JavaScript warning: https://g.alicdn.com/AWSC/et/1.62.1/et_n.js, line 4: WebGL context was lost.
JavaScript warning: https://g.alicdn.com/AWSC/et/1.62.1/et_n.js, line 1: WEBGL_debug_renderer_info is deprecated in Firefox and will be removed. Please use RENDERER.
JavaScript warning: https://g.alicdn.com/AWSC/et/1.62.1/et_n.js, line 4: WebGL context was lost.
JavaScript warning: https://g.alicdn.com/AWSC/fireyejs/1.216.2/fireyejs.js, line 2: WEBGL_debug_renderer_info is deprecated in Firefox and will be removed. Please use RENDERER.
JavaScript warning: https://g.alicdn.com/AWSC/uab/1.140.0/collina.js, line 4: WEBGL_debug_renderer_info is deprecated in Firefox and will be removed. Please use RENDERER.
JavaScript warning: https://g.alicdn.com/??xlly/spl/rp.js,secdev/nsv/1.0.78/ns_e_88_3_n.js?v=1, line 5: WebGL context was lost.
JavaScript warning: https://g.alicdn.com/secdev/sufei_data/3.9.9/index.js, line 1: WebGL context was lost.
console.error: services.settings: 
  main/query-stripping Signature failed  TypeError: NetworkError: Network request failed
1637255745471	Marionette	INFO	Stopped listening on port 12878
console.warn: TopSitesFeed: Failed to fetch data from Contile server: NetworkError when attempting to fetch resource.

###!!! [Parent][RunMessage] Error: Channel closing: too late to send/recv, messages will be lost

ofilePUJz3o"
1637255740385	Marionette	INFO	Marionette enabled
console.warn: SearchSettings: "get: No settings file exists, new profile?" (new NotFoundError("Could not open the file at C:\\Users\\Cxs\\AppData\\Local\\Temp\\rust_mozprofilePUJz3o\\search.json.mozlz4", (void 0)))
console.error: BackgroundUpdate: 
  maybeScheduleBackgroundUpdateTask: exiting after uncaught exception in maybeScheduleBackgroundUpdateTask!
  Message: [Exception... "Component returned failure code: 0x80004005 (NS_ERROR_FAILURE) [nsIWinTaskSchedulerService.deleteTask]"  nsresult: "0x80004005 (NS_ERROR_FAILURE)"  location: "JS frame :: resource://gre/modules/TaskSchedulerWinImpl.jsm :: deleteTask :: line 60"  data: no]
  Stack:
    deleteTask@resource://gre/modules/TaskSchedulerWinImpl.jsm:60:16
deleteTask@resource://gre/modules/TaskScheduler.jsm:145:18
maybeScheduleBackgroundUpdateTask@resource://gre/modules/BackgroundUpdate.jsm:478:31

DevTools listening on ws://localhost:6506/devtools/browser/a6358070-2bdd-4248-bac4-7e85160bbada
1637255743764	Marionette	INFO	Listening on port 6511
1637255743820	RemoteAgent	WARN	TLS certificate errors will be ignored for this session
JavaScript warning: https://g.alicdn.com/??kissy/k/6.2.4/seed-min.js,kg/global-util/1.0.7/index-min.js,secdev/sufei_data/3.8.7/index.js, line 6: WebGL context was lost.
JavaScript warning: https://g.alicdn.com/AWSC/et/1.62.1/et_n.js, line 1: WEBGL_debug_renderer_info is deprecated in Firefox and will be removed. Please use RENDERER.
JavaScript warning: https://g.alicdn.com/AWSC/et/1.62.1/et_n.js, line 4: WebGL context was lost.
JavaScript warning: https://g.alicdn.com/??xlly/spl/rp.js,secdev/nsv/1.0.78/ns_e_88_3_n.js?v=1, line 5: WebGL context was lost.
JavaScript warning: https://g.alicdn.com/AWSC/et/1.62.1/et_n.js, line 1: WEBGL_debug_renderer_info is deprecated in Firefox and will be removed. Please use RENDERER.
JavaScript warning: https://g.alicdn.com/AWSC/et/1.62.1/et_n.js, line 4: WebGL context was lost.
JavaScript warning: https://g.alicdn.com/AWSC/fireyejs/1.216.2/fireyejs.js, line 2: WEBGL_debug_renderer_info is deprecated in Firefox and will be removed. Please use RENDERER.
JavaScript warning: https://g.alicdn.com/AWSC/uab/1.140.0/collina.js, line 4: WEBGL_debug_renderer_info is deprecated in Firefox and will be removed. Please use RENDERER.
JavaScript warning: https://g.alicdn.com/secdev/sufei_data/3.9.9/index.js, line 1: WebGL context was lost.
JavaScript warning: https://g.alicdn.com/??xlly/spl/rp.js,secdev/nsv/1.0.78/ns_e_88_3_n.js?v=1, line 5: WebGL context was lost.
JavaScript error: resource://devtools/server/actors/network-monitor/network-event-actor.js, line 110: Error: Got a request https://x.alicdn.com/vip/havana-nlogin/0.6.7/index.css without a browsingContextID set
JavaScript error: resource://devtools/server/actors/network-monitor/network-event-actor.js, line 110: Error: Got a request https://g.alicdn.com/vip/biz-assets/0.0.18/assets/taobao_pc.css without a browsingContextID set
console.error: services.settings: 
  main/query-stripping Signature failed  TypeError: NetworkError: Network request failed
1637255788950	Marionette	INFO	Stopped listening on port 6511
37255785498	mozrunner::runner	INFO	Running command: "D:\\Program Files\\Mozilla Firefox\\firefox.exe" "--marionette" "--remote-debugging-port" "12429" "-no-remote" "-profile" "C:\\Users\\Cxs\\AppData\\Local\\Temp\\rust_mozprofileGnRC42"
1637255786154	Marionette	INFO	Marionette enabled
console.warn: SearchSettings: "get: No settings file exists, new profile?" (new NotFoundError("Could not open the file at C:\\Users\\Cxs\\AppData\\Local\\Temp\\rust_mozprofileGnRC42\\search.json.mozlz4", (void 0)))
console.error: BackgroundUpdate: 
  maybeScheduleBackgroundUpdateTask: exiting after uncaught exception in maybeScheduleBackgroundUpdateTask!
  Message: [Exception... "Component returned failure code: 0x80004005 (NS_ERROR_FAILURE) [nsIWinTaskSchedulerService.deleteTask]"  nsresult: "0x80004005 (NS_ERROR_FAILURE)"  location: "JS frame :: resource://gre/modules/TaskSchedulerWinImpl.jsm :: deleteTask :: line 60"  data: no]
  Stack:
    deleteTask@resource://gre/modules/TaskSchedulerWinImpl.jsm:60:16
deleteTask@resource://gre/modules/TaskScheduler.jsm:145:18
maybeScheduleBackgroundUpdateTask@resource://gre/modules/BackgroundUpdate.jsm:478:31

DevTools listening on ws://localhost:12429/devtools/browser/0dd9fb63-8659-4076-a437-ffb6fe4683ed
1637255791002	Marionette	INFO	Listening on port 12434
1637255791359	RemoteAgent	WARN	TLS certificate errors will be ignored for this session
JavaScript warning: https://g.alicdn.com/??kissy/k/6.2.4/seed-min.js,kg/global-util/1.0.7/index-min.js,secdev/sufei_data/3.8.7/index.js, line 6: WebGL context was lost.
JavaScript warning: https://g.alicdn.com/??xlly/spl/rp.js,secdev/nsv/1.0.78/ns_e_88_3_n.js?v=1, line 5: WebGL context was lost.
JavaScript warning: https://g.alicdn.com/AWSC/et/1.62.1/et_n.js, line 1: WEBGL_debug_renderer_info is deprecated in Firefox and will be removed. Please use RENDERER.
JavaScript warning: https://g.alicdn.com/AWSC/et/1.62.1/et_n.js, line 4: WebGL context was lost.
JavaScript warning: https://g.alicdn.com/AWSC/et/1.62.1/et_n.js, line 1: WEBGL_debug_renderer_info is deprecated in Firefox and will be removed. Please use RENDERER.
JavaScript warning: https://g.alicdn.com/AWSC/et/1.62.1/et_n.js, line 4: WebGL context was lost.
JavaScript warning: https://g.alicdn.com/AWSC/fireyejs/1.216.2/fireyejs.js, line 2: WEBGL_debug_renderer_info is deprecated in Firefox and will be removed. Please use RENDERER.
JavaScript warning: https://g.alicdn.com/AWSC/uab/1.140.0/collina.js, line 4: WEBGL_debug_renderer_info is deprecated in Firefox and will be removed. Please use RENDERER.
1637255798896	Marionette	WARN	TimedPromise timed out after 500 ms: stacktrace:
TimedPromise/<@chrome://remote/content/marionette/sync.js:238:19
TimedPromise@chrome://remote/content/marionette/sync.js:223:10
interaction.flushEventLoop@chrome://remote/content/marionette/interaction.js:431:10
webdriverClickElement@chrome://remote/content/marionette/interaction.js:179:31
JavaScript warning: https://g.alicdn.com/secdev/sufei_data/3.9.9/index.js, line 1: WebGL context was lost.
JavaScript warning: https://g.alicdn.com/??xlly/spl/rp.js,secdev/nsv/1.0.78/ns_e_88_3_n.js?v=1, line 5: WebGL context was lost.
console.error: services.settings: 
  main/query-stripping Signature failed  TypeError: NetworkError: Network request failed
1637256124525	Marionette	INFO	Stopped listening on port 12434
console.warn: TopSitesFeed: Failed to fetch data from Contile server: NetworkError when attempting to fetch resource.
[Parent 6092, IPC I/O Parent] WARNING: file /builds/worker/checkouts/gecko/ipc/chromium/src/base/process_util_win.cc:167
926903	Marionette	INFO	Marionette enabled
console.warn: SearchSettings: "get: No settings file exists, new profile?" (new NotFoundError("Could not open the file at C:\\Users\\Cxs\\AppData\\Local\\Temp\\rust_mozprofileZcnSVD\\search.json.mozlz4", (void 0)))
console.error: BackgroundUpdate: 
  maybeScheduleBackgroundUpdateTask: exiting after uncaught exception in maybeScheduleBackgroundUpdateTask!
  Message: [Exception... "Component returned failure code: 0x80004005 (NS_ERROR_FAILURE) [nsIWinTaskSchedulerService.deleteTask]"  nsresult: "0x80004005 (NS_ERROR_FAILURE)"  location: "JS frame :: resource://gre/modules/TaskSchedulerWinImpl.jsm :: deleteTask :: line 60"  data: no]
  Stack:
    deleteTask@resource://gre/modules/TaskSchedulerWinImpl.jsm:60:16
deleteTask@resource://gre/modules/TaskScheduler.jsm:145:18
maybeScheduleBackgroundUpdateTask@resource://gre/modules/BackgroundUpdate.jsm:478:31

DevTools listening on ws://localhost:6685/devtools/browser/e770e849-a9e4-42b8-8f87-fc1f9bc758e0
1637255936088	Marionette	INFO	Listening on port 6690
console.error: Region.jsm: "Error fetching region" (new Error("TIMEOUT", "resource://gre/modules/Region.jsm", 772))
console.error: Region.jsm: "Failed to fetch region" (new Error("TIMEOUT", "resource://gre/modules/Region.jsm", 419))
1637255939891	RemoteAgent	WARN	TLS certificate errors will be ignored for this session
JavaScript warning: https://g.alicdn.com/??kissy/k/6.2.4/seed-min.js,kg/global-util/1.0.7/index-min.js,secdev/sufei_data/3.8.7/index.js, line 6: WebGL context was lost.
JavaScript warning: https://g.alicdn.com/??xlly/spl/rp.js,secdev/nsv/1.0.78/ns_e_88_3_n.js?v=1, line 5: WebGL context was lost.
JavaScript warning: https://g.alicdn.com/AWSC/et/1.62.1/et_n.js, line 1: WEBGL_debug_renderer_info is deprecated in Firefox and will be removed. Please use RENDERER.
JavaScript warning: https://g.alicdn.com/AWSC/et/1.62.1/et_n.js, line 4: WebGL context was lost.
JavaScript warning: https://g.alicdn.com/AWSC/et/1.62.1/et_n.js, line 1: WEBGL_debug_renderer_info is deprecated in Firefox and will be removed. Please use RENDERER.
JavaScript warning: https://g.alicdn.com/AWSC/et/1.62.1/et_n.js, line 4: WebGL context was lost.
JavaScript warning: https://g.alicdn.com/AWSC/fireyejs/1.216.2/fireyejs.js, line 2: WEBGL_debug_renderer_info is deprecated in Firefox and will be removed. Please use RENDERER.
JavaScript warning: https://g.alicdn.com/AWSC/uab/1.140.0/collina.js, line 4: WEBGL_debug_renderer_info is deprecated in Firefox and will be removed. Please use RENDERER.
JavaScript warning: https://g.alicdn.com/??xlly/spl/rp.js,secdev/nsv/1.0.78/ns_e_88_3_n.js?v=1, line 5: WebGL context was lost.
JavaScript warning: https://g.alicdn.com/secdev/sufei_data/3.9.9/index.js, line 1: WebGL context was lost.
JavaScript warning: https://g.alicdn.com/??kissy/k/6.2.4/seed-min.js,kg/global-util/1.0.7/index-min.js,secdev/sufei_data/3.8.7/index.js, line 6: WebGL context was lost.
JavaScript warning: https://g.alicdn.com/??xlly/spl/rp.js,secdev/nsv/1.0.78/ns_e_88_3_n.js?v=1, line 5: WebGL context was lost.
JavaScript warning: https://g.alicdn.com/AWSC/et/1.62.1/et_n.js, line 1: WEBGL_debug_renderer_info is deprecated in Firefox and will be removed. Please use RENDERER.
JavaScript warning: https://g.alicdn.com/AWSC/et/1.62.1/et_n.js, line 4: WebGL context was lost.
JavaScript warning: https://g.alicdn.com/secdev/sufei_data/3.9.9/index.js, line 1: WebGL context was lost.
JavaScript warning: https://g.alicdn.com/AWSC/et/1.62.1/et_n.js, line 1: WEBGL_debug_renderer_info is deprecated in Firefox and will be removed. Please use RENDERER.
JavaScript warning: https://g.alicdn.com/AWSC/et/1.62.1/et_n.js, line 4: WebGL context was lost.
JavaScript warning: https://g.alicdn.com/??xlly/spl/rp.js,secdev/nsv/1.0.78/ns_e_88_3_n.js?v=1, line 5: WebGL context was lost.
1637256289850	Marionette	INFO	Stopped listening on port 6690
console.warn: TopSitesFeed: Failed to fetch data from Contile server: NetworkError when attempting to fetch resource.
[Parent 13792, IPC I/O Parent] WARNING: file /builds/worker/checkouts/gecko/ipc/chromium/src/base/process_util_win.cc:167
kSchedulerService.deleteTask]"  nsresult: "0x80004005 (NS_ERROR_FAILURE)"  location: "JS frame :: resource://gre/modules/TaskSchedulerWinImpl.jsm :: deleteTask :: line 60"  data: no]
  Stack:
    deleteTask@resource://gre/modules/TaskSchedulerWinImpl.jsm:60:16
deleteTask@resource://gre/modules/TaskScheduler.jsm:145:18
maybeScheduleBackgroundUpdateTask@resource://gre/modules/BackgroundUpdate.jsm:478:31

DevTools listening on ws://localhost:5947/devtools/browser/3706fb9e-6cb8-49c9-888b-cb01945e4eb2
1637256128482	Marionette	INFO	Listening on port 5952
1637256128824	RemoteAgent	WARN	TLS certificate errors will be ignored for this session
JavaScript warning: https://g.alicdn.com/??kissy/k/6.2.4/seed-min.js,kg/global-util/1.0.7/index-min.js,secdev/sufei_data/3.8.7/index.js, line 6: WebGL context was lost.
JavaScript warning: https://g.alicdn.com/??xlly/spl/rp.js,secdev/nsv/1.0.78/ns_e_88_3_n.js?v=1, line 5: WebGL context was lost.
JavaScript warning: https://g.alicdn.com/AWSC/et/1.62.1/et_n.js, line 1: WEBGL_debug_renderer_info is deprecated in Firefox and will be removed. Please use RENDERER.
JavaScript warning: https://g.alicdn.com/AWSC/et/1.62.1/et_n.js, line 4: WebGL context was lost.
JavaScript warning: https://g.alicdn.com/AWSC/et/1.62.1/et_n.js, line 1: WEBGL_debug_renderer_info is deprecated in Firefox and will be removed. Please use RENDERER.
JavaScript warning: https://g.alicdn.com/AWSC/et/1.62.1/et_n.js, line 4: WebGL context was lost.
JavaScript warning: https://g.alicdn.com/AWSC/fireyejs/1.216.2/fireyejs.js, line 2: WEBGL_debug_renderer_info is deprecated in Firefox and will be removed. Please use RENDERER.
JavaScript warning: https://g.alicdn.com/AWSC/uab/1.140.0/collina.js, line 4: WEBGL_debug_renderer_info is deprecated in Firefox and will be removed. Please use RENDERER.
1637256137571	Marionette	WARN	TimedPromise timed out after 500 ms: stacktrace:
TimedPromise/<@chrome://remote/content/marionette/sync.js:238:19
TimedPromise@chrome://remote/content/marionette/sync.js:223:10
interaction.flushEventLoop@chrome://remote/content/marionette/interaction.js:431:10
webdriverClickElement@chrome://remote/content/marionette/interaction.js:179:31
JavaScript warning: https://g.alicdn.com/??xlly/spl/rp.js,secdev/nsv/1.0.78/ns_e_88_3_n.js?v=1, line 5: WebGL context was lost.
JavaScript warning: https://g.alicdn.com/secdev/sufei_data/3.9.9/index.js, line 1: WebGL context was lost.
1637256178974	Marionette	INFO	Stopped listening on port 5952
console.warn: TopSitesFeed: Failed to fetch data from Contile server: NetworkError when attempting to fetch resource.
1637256186051	geckodriver	INFO	Listening on 127.0.0.1:10824
1637256189121	mozrunner::runner	INFO	Running command: "D:\\Program Files\\Mozilla Firefox\\firefox.exe" "--marionette" "--remote-debugging-port" "10825" "-no-remote" "-profile" "C:\\Users\\Cxs\\AppData\\Local\\Temp\\rust_mozprofileSMi0A3"
1637256189773	Marionette	INFO	Marionette enabled
console.warn: SearchSettings: "get: No settings file exists, new profile?" (new NotFoundError("Could not open the file at C:\\Users\\Cxs\\AppData\\Local\\Temp\\rust_mozprofileSMi0A3\\search.json.mozlz4", (void 0)))
console.error: BackgroundUpdate: 
  maybeScheduleBackgroundUpdateTask: exiting after uncaught exception in maybeScheduleBackgroundUpdateTask!
  Message: [Exception... "Component returned failure code: 0x80004005 (NS_ERROR_FAILURE) [nsIWinTaskSchedulerService.deleteTask]"  nsresult: "0x80004005 (NS_ERROR_FAILURE)"  location: "JS frame :: resource://gre/modules/TaskSchedulerWinImpl.jsm :: deleteTask :: line 60"  data: no]
  Stack:
    deleteTask@resource://gre/modules/TaskSchedulerWinImpl.jsm:60:16
deleteTask@resource://gre/modules/TaskScheduler.jsm:145:18
maybeScheduleBackgroundUpdateTask@resource://gre/modules/BackgroundUpdate.jsm:478:31

DevTools listening on ws://localhost:10825/devtools/browser/45fe9ccc-5365-4ea6-9a5d-30a93ed1b082
1637256192594	Marionette	INFO	Listening on port 10830
1637256192829	RemoteAgent	WARN	TLS certificate errors will be ignored for this session
JavaScript warning: https://g.alicdn.com/??kissy/k/6.2.4/seed-min.js,kg/global-util/1.0.7/index-min.js,secdev/sufei_data/3.8.7/index.js, line 6: WebGL context was lost.
JavaScript warning: https://g.alicdn.com/AWSC/et/1.62.1/et_n.js, line 1: WEBGL_debug_renderer_info is deprecated in Firefox and will be removed. Please use RENDERER.
JavaScript warning: https://g.alicdn.com/AWSC/et/1.62.1/et_n.js, line 4: WebGL context was lost.
JavaScript warning: https://g.alicdn.com/??xlly/spl/rp.js,secdev/nsv/1.0.78/ns_e_88_3_n.js?v=1, line 5: WebGL context was lost.
JavaScript warning: https://g.alicdn.com/AWSC/et/1.62.1/et_n.js, line 1: WEBGL_debug_renderer_info is deprecated in Firefox and will be removed. Please use RENDERER.
JavaScript warning: https://g.alicdn.com/AWSC/et/1.62.1/et_n.js, line 4: WebGL context was lost.
JavaScript warning: https://g.alicdn.com/AWSC/fireyejs/1.216.2/fireyejs.js, line 2: WEBGL_debug_renderer_info is deprecated in Firefox and will be removed. Please use RENDERER.
JavaScript warning: https://g.alicdn.com/AWSC/uab/1.140.0/collina.js, line 4: WEBGL_debug_renderer_info is deprecated in Firefox and will be removed. Please use RENDERER.
1637256199612	Marionette	WARN	TimedPromise timed out after 500 ms: stacktrace:
TimedPromise/<@chrome://remote/content/marionette/sync.js:238:19
TimedPromise@chrome://remote/content/marionette/sync.js:223:10
interaction.flushEventLoop@chrome://remote/content/marionette/interaction.js:431:10
webdriverClickElement@chrome://remote/content/marionette/interaction.js:179:31
JavaScript warning: https://g.alicdn.com/??xlly/spl/rp.js,secdev/nsv/1.0.78/ns_e_88_3_n.js?v=1, line 5: WebGL context was lost.
JavaScript warning: https://g.alicdn.com/secdev/sufei_data/3.9.9/index.js, line 1: WebGL context was lost.
JavaScript warning: https://g.alicdn.com/??kissy/k/6.2.4/seed-min.js,kg/global-util/1.0.7/index-min.js,secdev/sufei_data/3.8.7/index.js, line 6: WebGL context was lost.
JavaScript warning: https://g.alicdn.com/??xlly/spl/rp.js,secdev/nsv/1.0.78/ns_e_88_3_n.js?v=1, line 5: WebGL context was lost.
JavaScript warning: https://g.alicdn.com/AWSC/et/1.62.1/et_n.js, line 1: WEBGL_debug_renderer_info is deprecated in Firefox and will be removed. Please use RENDERER.
JavaScript warning: https://g.alicdn.com/AWSC/et/1.62.1/et_n.js, line 4: WebGL context was lost.
JavaScript error: resource://devtools/server/actors/network-monitor/network-event-actor.js, line 110: Error: Got a request https://g.alicdn.com/tbhome/tb-nav/index.css without a browsingContextID set
1637256291148	Marionette	INFO	Stopped listening on port 1081637256292254	mozrunner::runner	INFO	Running command: "D:\\Program Files\\Mozilla Firefox\\firefox.exe" "--marionette" "--remote-debugging-port" "2631" "-no-remote" "-profile" "C:\\Users\\Cxs\\AppData\\Local\\Temp\\rust_mozprofileDvKPWo"
1637256293447	Marionette	INFO	Marionette enabled
console.warn: SearchSettings: "get: No settings file exists, new profile?" (new NotFoundError("Could not open the file at C:\\Users\\Cxs\\AppData\\Local\\Temp\\rust_mozprofileDvKPWo\\search.json.mozlz4", (void 0)))
console.error: BackgroundUpdate: 
  maybeScheduleBackgroundUpdateTask: exiting after uncaught exception in maybeScheduleBackgroundUpdateTask!
  Message: [Exception... "Component returned failure code: 0x80004005 (NS_ERROR_FAILURE) [nsIWinTaskSchedulerService.deleteTask]"  nsresult: "0x80004005 (NS_ERROR_FAILURE)"  location: "JS frame :: resource://gre/modules/TaskSchedulerWinImpl.jsm :: deleteTask :: line 60"  data: no]
  Stack:
    deleteTask@resource://gre/modules/TaskSchedulerWinImpl.jsm:60:16
deleteTask@resource://gre/modules/TaskScheduler.jsm:145:18
maybeScheduleBackgroundUpdateTask@resource://gre/modules/BackgroundUpdate.jsm:478:31

DevTools listening on ws://localhost:2631/devtools/browser/e5f5cc97-4a52-42f9-ab2e-6e0816e09a17
1637256297880	Marionette	INFO	Listening on port 12866
1637256298140	RemoteAgent	WARN	TLS certificate errors will be ignored for this session
JavaScript warning: https://g.alicdn.com/??kissy/k/6.2.4/seed-min.js,kg/global-util/1.0.7/index-min.js,secdev/sufei_data/3.8.7/index.js, line 6: WebGL context was lost.
JavaScript warning: https://g.alicdn.com/??xlly/spl/rp.js,secdev/nsv/1.0.78/ns_e_88_3_n.js?v=1, line 5: WebGL context was lost.
JavaScript warning: https://g.alicdn.com/AWSC/et/1.62.1/et_n.js, line 1: WEBGL_debug_renderer_info is deprecated in Firefox and will be removed. Please use RENDERER.
JavaScript warning: https://g.alicdn.com/AWSC/et/1.62.1/et_n.js, line 4: WebGL context was lost.
JavaScript warning: https://g.alicdn.com/AWSC/et/1.62.1/et_n.js, line 1: WEBGL_debug_renderer_info is deprecated in Firefox and will be removed. Please use RENDERER.
JavaScript warning: https://g.alicdn.com/AWSC/et/1.62.1/et_n.js, line 4: WebGL context was lost.
JavaScript warning: https://g.alicdn.com/AWSC/fireyejs/1.216.2/fireyejs.js, line 2: WEBGL_debug_renderer_info is deprecated in Firefox and will be removed. Please use RENDERER.
JavaScript warning: https://g.alicdn.com/AWSC/uab/1.140.0/collina.js, line 4: WEBGL_debug_renderer_info is deprecated in Firefox and will be removed. Please use RENDERER.
1637256305010	Marionette	WARN	TimedPromise timed out after 500 ms: stacktrace:
TimedPromise/<@chrome://remote/content/marionette/sync.js:238:19
TimedPromise@chrome://remote/content/marionette/sync.js:223:10
interaction.flushEventLoop@chrome://remote/content/marionette/interaction.js:431:10
webdriverClickElement@chrome://remote/content/marionette/interaction.js:179:31
JavaScript warning: https://g.alicdn.com/secdev/sufei_data/3.9.9/index.js, line 1: WebGL context was lost.
JavaScript warning: https://g.alicdn.com/??xlly/spl/rp.js,secdev/nsv/1.0.78/ns_e_88_3_n.js?v=1, line 5: WebGL context was lost.
1637256331609	Marionette	INFO	Stopped listening on port 1281637256332694	mozrunner::runner	INFO	Running command: "D:\\Program Files\\Mozilla Firefox\\firefox.exe" "--marionette" "--remote-debugging-port" "7630" "-no-remote" "-profile" "C:\\Users\\Cxs\\AppData\\Local\\Temp\\rust_mozprofilechBQnQ"
1637256333917	Marionette	INFO	Marionette enabled
console.warn: SearchSettings: "get: No settings file exists, new profile?" (new NotFoundError("Could not open the file at C:\\Users\\Cxs\\AppData\\Local\\Temp\\rust_mozprofilechBQnQ\\search.json.mozlz4", (void 0)))
console.error: BackgroundUpdate: 
  maybeScheduleBackgroundUpdateTask: exiting after uncaught exception in maybeScheduleBackgroundUpdateTask!
  Message: [Exception... "Component returned failure code: 0x80004005 (NS_ERROR_FAILURE) [nsIWinTaskSchedulerService.deleteTask]"  nsresult: "0x80004005 (NS_ERROR_FAILURE)"  location: "JS frame :: resource://gre/modules/TaskSchedulerWinImpl.jsm :: deleteTask :: line 60"  data: no]
  Stack:
    deleteTask@resource://gre/modules/TaskSchedulerWinImpl.jsm:60:16
deleteTask@resource://gre/modules/TaskScheduler.jsm:145:18
maybeScheduleBackgroundUpdateTask@resource://gre/modules/BackgroundUpdate.jsm:478:31

DevTools listening on ws://localhost:7630/devtools/browser/342aa585-5ba4-490f-b9f1-7dcc9871c14e
1637256337998	Marionette	INFO	Listening on port 7640
1637256338212	RemoteAgent	WARN	TLS certificate errors will be ignored for this session
JavaScript warning: https://g.alicdn.com/??kissy/k/6.2.4/seed-min.js,kg/global-util/1.0.7/index-min.js,secdev/sufei_data/3.8.7/index.js, line 6: WebGL context was lost.
JavaScript warning: https://g.alicdn.com/AWSC/et/1.62.1/et_n.js, line 1: WEBGL_debug_renderer_info is deprecated in Firefox and will be removed. Please use RENDERER.
JavaScript warning: https://g.alicdn.com/AWSC/et/1.62.1/et_n.js, line 4: WebGL context was lost.
JavaScript warning: https://g.alicdn.com/??xlly/spl/rp.js,secdev/nsv/1.0.78/ns_e_88_3_n.js?v=1, line 5: WebGL context was lost.
JavaScript warning: https://g.alicdn.com/AWSC/et/1.62.1/et_n.js, line 1: WEBGL_debug_renderer_info is deprecated in Firefox and will be removed. Please use RENDERER.
JavaScript warning: https://g.alicdn.com/AWSC/et/1.62.1/et_n.js, line 4: WebGL context was lost.
JavaScript warning: https://g.alicdn.com/AWSC/fireyejs/1.216.2/fireyejs.js, line 2: WEBGL_debug_renderer_info is deprecated in Firefox and will be removed. Please use RENDERER.
JavaScript warning: https://g.alicdn.com/AWSC/uab/1.140.0/collina.js, line 4: WEBGL_debug_renderer_info is deprecated in Firefox and will be removed. Please use RENDERER.
JavaScript warning: https://g.alicdn.com/secdev/sufei_data/3.9.9/index.js, line 1: WebGL context was lost.
JavaScript warning: https://g.alicdn.com/??xlly/spl/rp.js,secdev/nsv/1.0.78/ns_e_88_3_n.js?v=1, line 5: WebGL context was lost.
JavaScript warning: https://g.alicdn.com/??kissy/k/6.2.4/seed-min.js,kg/global-util/1.0.7/index-min.js,secdev/sufei_data/3.8.7/index.js, line 6: WebGL context was lost.
JavaScript warning: https://g.alicdn.com/AWSC/et/1.62.1/et_n.js, line 1: WEBGL_debug_renderer_info is deprecated in Firefox and will be removed. Please use RENDERER.
JavaScript warning: https://g.alicdn.com/AWSC/et/1.62.1/et_n.js, line 4: WebGL context was lost.
JavaScript warning: https://g.alicdn.com/??xlly/spl/rp.js,secdev/nsv/1.0.78/ns_e_88_3_n.js?v=1, line 5: WebGL context was lost.
JavaScript warning: https://g.alicdn.com/secdev/sufei_data/3.9.9/index.js, line 1: WebGL context was lost.
JavaScript warning: https://g.alicdn.com/AWSC/et/1.62.1/et_n.js, line 1: WEBGL_debug_renderer_info is deprecated in Firefox and will be removed. Please use RENDERER.
JavaScript warning: https://g.alicdn.com/AWSC/et/1.62.1/et_n.js, line 4: WebGL context was lost.
JavaScript warning: https://g.alicdn.com/??xlly/spl/rp.js,secdev/nsv/1.0.78/ns_e_88_3_n.js?v=1, line 5: WebGL context was lost.
1637256633345	Marionette	INFO	Stopped listening on port 76401637256633719	mozrunner::runner	INFO	Running command: "D:\\Program Files\\Mozilla Firefox\\firefox.exe" "--marionette" "--remote-debugging-port" "10598" "-no-remote" "-profile" "C:\\Users\\Cxs\\AppData\\Local\\Temp\\rust_mozprofilepA25iG"
1637256634528	Marionette	INFO	Marionette enabled
console.warn: SearchSettings: "get: No settings file exists, new profile?" (new NotFoundError("Could not open the file at C:\\Users\\Cxs\\AppData\\Local\\Temp\\rust_mozprofilepA25iG\\search.json.mozlz4", (void 0)))
console.error: BackgroundUpdate: 
  maybeScheduleBackgroundUpdateTask: exiting after uncaught exception in maybeScheduleBackgroundUpdateTask!
  Message: [Exception... "Component returned failure code: 0x80004005 (NS_ERROR_FAILURE) [nsIWinTaskSchedulerService.deleteTask]"  nsresult: "0x80004005 (NS_ERROR_FAILURE)"  location: "JS frame :: resource://gre/modules/TaskSchedulerWinImpl.jsm :: deleteTask :: line 60"  data: no]
  Stack:
    deleteTask@resource://gre/modules/TaskSchedulerWinImpl.jsm:60:16
deleteTask@resource://gre/modules/TaskScheduler.jsm:145:18
maybeScheduleBackgroundUpdateTask@resource://gre/modules/BackgroundUpdate.jsm:478:31

DevTools listening on ws://localhost:10598/devtools/browser/cb049637-ab95-4369-ac8b-39d14f2401df
1637256638021	Marionette	INFO	Listening on port 10605
1637256638561	RemoteAgent	WARN	TLS certificate errors will be ignored for this session
JavaScript warning: https://g.alicdn.com/??kissy/k/6.2.4/seed-min.js,kg/global-util/1.0.7/index-min.js,secdev/sufei_data/3.8.7/index.js, line 6: WebGL context was lost.
console.error: services.settings: 
  main/query-stripping Signature failed  TypeError: NetworkError: Network request failed
JavaScript warning: https://g.alicdn.com/??xlly/spl/rp.js,secdev/nsv/1.0.78/ns_e_88_3_n.js?v=1, line 5: WebGL context was lost.
JavaScript warning: https://g.alicdn.com/AWSC/et/1.62.1/et_n.js, line 1: WEBGL_debug_renderer_info is deprecated in Firefox and will be removed. Please use RENDERER.
JavaScript warning: https://g.alicdn.com/AWSC/et/1.62.1/et_n.js, line 4: WebGL context was lost.
JavaScript warning: https://g.alicdn.com/AWSC/et/1.62.1/et_n.js, line 1: WEBGL_debug_renderer_info is deprecated in Firefox and will be removed. Please use RENDERER.
JavaScript warning: https://g.alicdn.com/AWSC/et/1.62.1/et_n.js, line 4: WebGL context was lost.
JavaScript warning: https://g.alicdn.com/AWSC/fireyejs/1.216.2/fireyejs.js, line 2: WEBGL_debug_renderer_info is deprecated in Firefox and will be removed. Please use RENDERER.
JavaScript warning: https://g.alicdn.com/AWSC/uab/1.140.0/collina.js, line 4: WEBGL_debug_renderer_info is deprecated in Firefox and will be removed. Please use RENDERER.
JavaScript warning: https://g.alicdn.com/secdev/sufei_data/3.9.9/index.js, line 1: WebGL context was lost.
JavaScript warning: https://g.alicdn.com/??xlly/spl/rp.js,secdev/nsv/1.0.78/ns_e_88_3_n.js?v=1, line 5: WebGL context was lost.
JavaScript warning: https://g.alicdn.com/??kissy/k/6.2.4/seed-min.js,kg/global-util/1.0.7/index-min.js,secdev/sufei_data/3.8.7/index.js, line 6: WebGL context was lost.
JavaScript warning: https://g.alicdn.com/??xlly/spl/rp.js,secdev/nsv/1.0.78/ns_e_88_3_n.js?v=1, line 5: WebGL context was lost.
JavaScript warning: https://g.alicdn.com/AWSC/et/1.62.1/et_n.js, line 1: WEBGL_debug_renderer_info is deprecated in Firefox and will be removed. Please use RENDERER.
JavaScript warning: https://g.alicdn.com/AWSC/et/1.62.1/et_n.js, line 4: WebGL context was lost.
JavaScript warning: https://g.alicdn.com/secdev/sufei_data/3.9.9/index.js, line 1: WebGL context was lost.
JavaScript warning: https://g.alicdn.com/??xlly/spl/rp.js,secdev/nsv/1.0.78/ns_e_88_3_n.js?v=1, line 5: WebGL context was lost.
JavaScript warning: https://g.alicdn.com/AWSC/et/1.62.1/et_n.js, line 1: WEBGL_debug_renderer_info is deprecated in Firefox and will be removed. Please use RENDERER.
JavaScript warning: https://g.alicdn.com/AWSC/et/1.62.1/et_n.js, line 4: WebGL context was lost.
1637256679093	Marionette	INFO	Stopped listening on port 10605
console.warn: TopSitesFeed: Failed to fetch data from Contile server: NetworkError when attempting to fetch resource.
[Parent 24956, IPC I/O Parent] WARNING: file /builds/worker/checkouts/gecko/ipc/chromium/src/base/process_util_win.cc:167
1637258196896	geckodriver	INFO	Listening on 127.0.0.1:2478
1637258201331	mozrunner::runner	INFO	Running command: "D:\\Program Files\\Mozilla Firefox\\firefox.exe" "--marionette" "--remote-debugging-port" "2479" "-no-remote" "-profile" "C:\\Users\\Cxs\\AppData\\Local\\Temp\\rust_mozprofileiPShJP"
1637258204900	Marionette	INFO	Marionette enabled
console.warn: SearchSettings: "get: No settings file exists, new profile?" (new NotFoundError("Could not open the file at C:\\Users\\Cxs\\AppData\\Local\\Temp\\rust_mozprofileiPShJP\\search.json.mozlz4", (void 0)))
console.error: BackgroundUpdate: 
  maybeScheduleBackgroundUpdateTask: exiting after uncaught exception in maybeScheduleBackgroundUpdateTask!
  Message: [Exception... "Component returned failure code: 0x80004005 (NS_ERROR_FAILURE) [nsIWinTaskSchedulerService.deleteTask]"  nsresult: "0x80004005 (NS_ERROR_FAILURE)"  location: "JS frame :: resource://gre/modules/TaskSchedulerWinImpl.jsm :: deleteTask :: line 60"  data: no]
  Stack:
    deleteTask@resource://gre/modules/TaskSchedulerWinImpl.jsm:60:16
deleteTask@resource://gre/modules/TaskScheduler.jsm:145:18
maybeScheduleBackgroundUpdateTask@resource://gre/modules/BackgroundUpdate.jsm:478:31

DevTools listening on ws://localhost:2479/devtools/browser/ba1d270e-d7ef-40f1-93e2-8000799b47e1
1637258209789	Marionette	INFO	Listening on port 1265
1637258209929	RemoteAgent	WARN	TLS certificate errors will be ignored for this session
console.error: services.settings: 
  main/query-stripping Signature failed  TypeError: NetworkError: Network request failed
JavaScript warning: https://g.alicdn.com/??kissy/k/6.2.4/seed-min.js,kg/global-util/1.0.7/index-min.js,secdev/sufei_data/3.8.7/index.js, line 6: WebGL context was lost.
JavaScript warning: https://g.alicdn.com/??xlly/spl/rp.js,secdev/nsv/1.0.78/ns_e_88_3_n.js?v=1, line 5: WebGL context was lost.
JavaScript warning: https://g.alicdn.com/AWSC/et/1.62.1/et_n.js, line 1: WEBGL_debug_renderer_info is deprecated in Firefox and will be removed. Please use RENDERER.
JavaScript warning: https://g.alicdn.com/AWSC/et/1.62.1/et_n.js, line 4: WebGL context was lost.
JavaScript warning: https://g.alicdn.com/AWSC/et/1.62.1/et_n.js, line 1: WEBGL_debug_renderer_info is deprecated in Firefox and will be removed. Please use RENDERER.
JavaScript warning: https://g.alicdn.com/AWSC/et/1.62.1/et_n.js, line 4: WebGL context was lost.
JavaScript warning: https://g.alicdn.com/AWSC/fireyejs/1.216.2/fireyejs.js, line 2: WEBGL_debug_renderer_info is deprecated in Firefox and will be removed. Please use RENDERER.
JavaScript warning: https://g.alicdn.com/AWSC/uab/1.140.0/collina.js, line 4: WEBGL_debug_renderer_info is deprecated in Firefox and will be removed. Please use RENDERER.
JavaScript warning: https://g.alicdn.com/??xlly/spl/rp.js,secdev/nsv/1.0.78/ns_e_88_3_n.js?v=1, line 5: WebGL context was lost.
JavaScript warning: https://g.alicdn.com/secdev/sufei_data/3.9.9/index.js, line 1: WebGL context was lost.
1637258267602	Marionette	WARN	TimedPromise timed out after 500 ms: stacktrace:
TimedPromise/<@chrome://remote/content/marionette/sync.js:238:19
TimedPromise@chrome://remote/content/marionette/sync.js:223:10
interaction.flushEventLoop@chrome://remote/content/marionette/interaction.js:431:10
webdriverClickElement@chrome://remote/content/marionette/interaction.js:179:31
JavaScript warning: https://g.alicdn.com/AWSC/et/1.62.1/et_n.js, line 1: WEBGL_debug_renderer_info is deprecated in Firefox and will be removed. Please use RENDERER.
JavaScript warning: https://g.alicdn.com/AWSC/et/1.62.1/et_n.js, line 4: WebGL context was lost.
JavaScript warning: https://g.alicdn.com/AWSC/fireyejs/1.216.2/fireyejs.js, line 2: WEBGL_debug_renderer_info is deprecated in Firefox and will be removed. Please use RENDERER.
JavaScript warning: https://g.alicdn.com/AWSC/uab/1.140.0/collina.js, line 4: WEBGL_debug_renderer_info is deprecated in Firefox and will be removed. Please use RENDERER.
JavaScript warning: https://g.alicdn.com/secdev/sufei_data/3.9.9/index.js, line 1: WebGL context was lost.
JavaScript warning: https://g.alicdn.com/??xlly/spl/rp.js,secdev/nsv/1.0.78/ns_e_88_3_n.js?v=1, line 5: WebGL context was lost.
1637258347222	Marionette	INFO	Stopped listening on port 1261637258349863	mozrunner::runner	INFO	Running command: "D:\\Program Files\\Mozilla Firefox\\firefox.exe" "--marionette" "--remote-debugging-port" "9695" "-no-remote" "-profile" "C:\\Users\\Cxs\\AppData\\Local\\Temp\\rust_mozprofile4XH0p0"
1637258350505	Marionette	INFO	Marionette enabled
console.warn: SearchSettings: "get: No settings file exists, new profile?" (new NotFoundError("Could not open the file at C:\\Users\\Cxs\\AppData\\Local\\Temp\\rust_mozprofile4XH0p0\\search.json.mozlz4", (void 0)))
console.error: BackgroundUpdate: 
  maybeScheduleBackgroundUpdateTask: exiting after uncaught exception in maybeScheduleBackgroundUpdateTask!
  Message: [Exception... "Component returned failure code: 0x80004005 (NS_ERROR_FAILURE) [nsIWinTaskSchedulerService.deleteTask]"  nsresult: "0x80004005 (NS_ERROR_FAILURE)"  location: "JS frame :: resource://gre/modules/TaskSchedulerWinImpl.jsm :: deleteTask :: line 60"  data: no]
  Stack:
    deleteTask@resource://gre/modules/TaskSchedulerWinImpl.jsm:60:16
deleteTask@resource://gre/modules/TaskScheduler.jsm:145:18
maybeScheduleBackgroundUpdateTask@resource://gre/modules/BackgroundUpdate.jsm:478:31

DevTools listening on ws://localhost:9695/devtools/browser/e8f1b0f8-3f53-474f-a80d-ac982a61c9b9
1637258354684	Marionette	INFO	Listening on port 9704
1637258355196	RemoteAgent	WARN	TLS certificate errors will be ignored for this session
JavaScript warning: https://g.alicdn.com/??kissy/k/6.2.4/seed-min.js,kg/global-util/1.0.7/index-min.js,secdev/sufei_data/3.8.7/index.js, line 6: WebGL context was lost.
JavaScript warning: https://g.alicdn.com/??xlly/spl/rp.js,secdev/nsv/1.0.78/ns_e_88_3_n.js?v=1, line 5: WebGL context was lost.
JavaScript warning: https://g.alicdn.com/AWSC/et/1.62.1/et_n.js, line 1: WEBGL_debug_renderer_info is deprecated in Firefox and will be removed. Please use RENDERER.
JavaScript warning: https://g.alicdn.com/AWSC/et/1.62.1/et_n.js, line 4: WebGL context was lost.
JavaScript warning: https://g.alicdn.com/AWSC/et/1.62.1/et_n.js, line 1: WEBGL_debug_renderer_info is deprecated in Firefox and will be removed. Please use RENDERER.
JavaScript warning: https://g.alicdn.com/AWSC/et/1.62.1/et_n.js, line 4: WebGL context was lost.
JavaScript warning: https://g.alicdn.com/AWSC/fireyejs/1.216.2/fireyejs.js, line 2: WEBGL_debug_renderer_info is deprecated in Firefox and will be removed. Please use RENDERER.
JavaScript warning: https://g.alicdn.com/AWSC/uab/1.140.0/collina.js, line 4: WEBGL_debug_renderer_info is deprecated in Firefox and will be removed. Please use RENDERER.
JavaScript warning: https://g.alicdn.com/secdev/sufei_data/3.9.9/index.js, line 1: WebGL context was lost.
JavaScript warning: https://g.alicdn.com/??xlly/spl/rp.js,secdev/nsv/1.0.78/ns_e_88_3_n.js?v=1, line 5: WebGL context was lost.
JavaScript warning: https://g.alicdn.com/??kissy/k/6.2.4/seed-min.js,kg/global-util/1.0.7/index-min.js,secdev/sufei_data/3.8.7/index.js, line 6: WebGL context was lost.
JavaScript warning: https://g.alicdn.com/??xlly/spl/rp.js,secdev/nsv/1.0.78/ns_e_88_3_n.js?v=1, line 5: WebGL context was lost.
JavaScript warning: https://g.alicdn.com/AWSC/et/1.62.1/et_n.js, line 1: WEBGL_debug_renderer_info is deprecated in Firefox and will be removed. Please use RENDERER.
JavaScript warning: https://g.alicdn.com/AWSC/et/1.62.1/et_n.js, line 4: WebGL context was lost.
JavaScript warning: https://g.alicdn.com/secdev/sufei_data/3.9.9/index.js, line 1: WebGL context was lost.
JavaScript warning: https://g.alicdn.com/??xlly/spl/rp.js,secdev/nsv/1.0.78/ns_e_88_3_n.js?v=1, line 5: WebGL context was lost.
JavaScript warning: https://g.alicdn.com/AWSC/et/1.62.1/et_n.js, line 1: WEBGL_debug_renderer_info is deprecated in Firefox and will be removed. Please use RENDERER.
JavaScript warning: https://g.alicdn.com/AWSC/et/1.62.1/et_n.js, line 4: WebGL context was lost.
1637258519201	Marionette	INFO	Stopped listening on port 9701637258520286	mozrunner::runner	INFO	Running command: "D:\\Program Files\\Mozilla Firefox\\firefox.exe" "--marionette" "--remote-debugging-port" "5826" "-no-remote" "-profile" "C:\\Users\\Cxs\\AppData\\Local\\Temp\\rust_mozprofileFymuoB"
1637258520760	Marionette	INFO	Marionette enabled
console.warn: SearchSettings: "get: No settings file exists, new profile?" (new NotFoundError("Could not open the file at C:\\Users\\Cxs\\AppData\\Local\\Temp\\rust_mozprofileFymuoB\\search.json.mozlz4", (void 0)))
console.error: BackgroundUpdate: 
  maybeScheduleBackgroundUpdateTask: exiting after uncaught exception in maybeScheduleBackgroundUpdateTask!
  Message: [Exception... "Component returned failure code: 0x80004005 (NS_ERROR_FAILURE) [nsIWinTaskSchedulerService.deleteTask]"  nsresult: "0x80004005 (NS_ERROR_FAILURE)"  location: "JS frame :: resource://gre/modules/TaskSchedulerWinImpl.jsm :: deleteTask :: line 60"  data: no]
  Stack:
    deleteTask@resource://gre/modules/TaskSchedulerWinImpl.jsm:60:16
deleteTask@resource://gre/modules/TaskScheduler.jsm:145:18
maybeScheduleBackgroundUpdateTask@resource://gre/modules/BackgroundUpdate.jsm:478:31

DevTools listening on ws://localhost:5826/devtools/browser/6c9b6bc7-59a2-4c74-bf0f-66410a5808bf
1637258524535	Marionette	INFO	Listening on port 5833
1637258524781	RemoteAgent	WARN	TLS certificate errors will be ignored for this session
JavaScript warning: https://g.alicdn.com/??kissy/k/6.2.4/seed-min.js,kg/global-util/1.0.7/index-min.js,secdev/sufei_data/3.8.7/index.js, line 6: WebGL context was lost.
JavaScript warning: https://g.alicdn.com/??xlly/spl/rp.js,secdev/nsv/1.0.78/ns_e_88_3_n.js?v=1, line 5: WebGL context was lost.
JavaScript warning: https://g.alicdn.com/AWSC/et/1.62.1/et_n.js, line 1: WEBGL_debug_renderer_info is deprecated in Firefox and will be removed. Please use RENDERER.
JavaScript warning: https://g.alicdn.com/AWSC/et/1.62.1/et_n.js, line 4: WebGL context was lost.
JavaScript warning: https://g.alicdn.com/AWSC/et/1.62.1/et_n.js, line 1: WEBGL_debug_renderer_info is deprecated in Firefox and will be removed. Please use RENDERER.
JavaScript warning: https://g.alicdn.com/AWSC/et/1.62.1/et_n.js, line 4: WebGL context was lost.
JavaScript warning: https://g.alicdn.com/AWSC/fireyejs/1.216.2/fireyejs.js, line 2: WEBGL_debug_renderer_info is deprecated in Firefox and will be removed. Please use RENDERER.
JavaScript warning: https://g.alicdn.com/AWSC/uab/1.140.0/collina.js, line 4: WEBGL_debug_renderer_info is deprecated in Firefox and will be removed. Please use RENDERER.
1637258557697	Marionette	WARN	TimedPromise timed out after 500 ms: stacktrace:
TimedPromise/<@chrome://remote/content/marionette/sync.js:238:19
TimedPromise@chrome://remote/content/marionette/sync.js:223:10
interaction.flushEventLoop@chrome://remote/content/marionette/interaction.js:431:10
webdriverClickElement@chrome://remote/content/marionette/interaction.js:179:31
JavaScript warning: https://g.alicdn.com/secdev/sufei_data/3.9.9/index.js, line 1: WebGL context was lost.
JavaScript warning: https://g.alicdn.com/??xlly/spl/rp.js,secdev/nsv/1.0.78/ns_e_88_3_n.js?v=1, line 5: WebGL context was lost.
JavaScript warning: https://g.alicdn.com/??kissy/k/6.2.4/seed-min.js,kg/global-util/1.0.7/index-min.js,secdev/sufei_data/3.8.7/index.js, line 6: WebGL context was lost.
JavaScript warning: https://g.alicdn.com/??xlly/spl/rp.js,secdev/nsv/1.0.78/ns_e_88_3_n.js?v=1, line 5: WebGL context was lost.
JavaScript warning: https://g.alicdn.com/AWSC/et/1.62.1/et_n.js, line 1: WEBGL_debug_renderer_info is deprecated in Firefox and will be removed. Please use RENDERER.
JavaScript warning: https://g.alicdn.com/AWSC/et/1.62.1/et_n.js, line 4: WebGL context was lost.
JavaScript warning: https://g.alicdn.com/secdev/sufei_data/3.9.9/index.js, line 1: WebGL context was lost.
JavaScript warning: https://g.alicdn.com/??xlly/spl/rp.js,secdev/nsv/1.0.78/ns_e_88_3_n.js?v=1, line 5: WebGL context was lost.
JavaScript warning: https://g.alicdn.com/AWSC/et/1.62.1/et_n.js, line 1: WEBGL_debug_renderer_info is deprecated in Firefox and will be removed. Please use RENDERER.
JavaScript warning: https://g.alicdn.com/AWSC/et/1.62.1/et_n.js, line 4: WebGL context was lost.
1637258680305	Marionette	INFO	Stopped listening on port 5831637258681214	mozrunner::runner	INFO	Running command: "D:\\Program Files\\Mozilla Firefox\\firefox.exe" "--marionette" "--remote-debugging-port" "2321" "-no-remote" "-profile" "C:\\Users\\Cxs\\AppData\\Local\\Temp\\rust_mozprofileM9bBBm"
1637258681740	Marionette	INFO	Marionette enabled
console.warn: SearchSettings: "get: No settings file exists, new profile?" (new NotFoundError("Could not open the file at C:\\Users\\Cxs\\AppData\\Local\\Temp\\rust_mozprofileM9bBBm\\search.json.mozlz4", (void 0)))
console.error: BackgroundUpdate: 
  maybeScheduleBackgroundUpdateTask: exiting after uncaught exception in maybeScheduleBackgroundUpdateTask!
  Message: [Exception... "Component returned failure code: 0x80004005 (NS_ERROR_FAILURE) [nsIWinTaskSchedulerService.deleteTask]"  nsresult: "0x80004005 (NS_ERROR_FAILURE)"  location: "JS frame :: resource://gre/modules/TaskSchedulerWinImpl.jsm :: deleteTask :: line 60"  data: no]
  Stack:
    deleteTask@resource://gre/modules/TaskSchedulerWinImpl.jsm:60:16
deleteTask@resource://gre/modules/TaskScheduler.jsm:145:18
maybeScheduleBackgroundUpdateTask@resource://gre/modules/BackgroundUpdate.jsm:478:31

DevTools listening on ws://localhost:2321/devtools/browser/587ed27b-c6cd-42c2-b466-415da5153d25
1637258685263	Marionette	INFO	Listening on port 2329
1637258685442	RemoteAgent	WARN	TLS certificate errors will be ignored for this session
JavaScript warning: https://g.alicdn.com/??kissy/k/6.2.4/seed-min.js,kg/global-util/1.0.7/index-min.js,secdev/sufei_data/3.8.7/index.js, line 6: WebGL context was lost.
JavaScript warning: https://g.alicdn.com/AWSC/et/1.62.1/et_n.js, line 1: WEBGL_debug_renderer_info is deprecated in Firefox and will be removed. Please use RENDERER.
JavaScript warning: https://g.alicdn.com/AWSC/et/1.62.1/et_n.js, line 4: WebGL context was lost.
JavaScript warning: https://g.alicdn.com/AWSC/fireyejs/1.216.2/fireyejs.js, line 2: WEBGL_debug_renderer_info is deprecated in Firefox and will be removed. Please use RENDERER.
JavaScript warning: https://g.alicdn.com/AWSC/uab/1.140.0/collina.js, line 4: WEBGL_debug_renderer_info is deprecated in Firefox and will be removed. Please use RENDERER.
JavaScript warning: https://g.alicdn.com/secdev/sufei_data/3.9.9/index.js, line 1: WebGL context was lost.
JavaScript warning: https://g.alicdn.com/??xlly/spl/rp.js,secdev/nsv/1.0.78/ns_e_88_3_n.js?v=1, line 5: WebGL context was lost.
1637258718707	Marionette	WARN	TimedPromise timed out after 500 ms: stacktrace:
TimedPromise/<@chrome://remote/content/marionette/sync.js:238:19
TimedPromise@chrome://remote/content/marionette/sync.js:223:10
interaction.flushEventLoop@chrome://remote/content/marionette/interaction.js:431:10
webdriverClickElement@chrome://remote/content/marionette/interaction.js:179:31
JavaScript warning: https://g.alicdn.com/??kissy/k/6.2.4/seed-min.js,kg/global-util/1.0.7/index-min.js,secdev/sufei_data/3.8.7/index.js, line 6: WebGL context was lost.
JavaScript warning: https://g.alicdn.com/??xlly/spl/rp.js,secdev/nsv/1.0.78/ns_e_88_3_n.js?v=1, line 5: WebGL context was lost.
JavaScript warning: https://g.alicdn.com/AWSC/et/1.62.1/et_n.js, line 1: WEBGL_debug_renderer_info is deprecated in Firefox and will be removed. Please use RENDERER.
JavaScript warning: https://g.alicdn.com/AWSC/et/1.62.1/et_n.js, line 4: WebGL context was lost.
JavaScript warning: https://g.alicdn.com/secdev/sufei_data/3.9.9/index.js, line 1: WebGL context was lost.
JavaScript warning: https://g.alicdn.com/??xlly/spl/rp.js,secdev/nsv/1.0.78/ns_e_88_3_n.js?v=1, line 5: WebGL context was lost.
JavaScript warning: https://g.alicdn.com/AWSC/et/1.62.1/et_n.js, line 1: WEBGL_debug_renderer_info is deprecated in Firefox and will be removed. Please use RENDERER.
JavaScript warning: https://g.alicdn.com/AWSC/et/1.62.1/et_n.js, line 4: WebGL context was lost.
1637258910658	Marionette	INFO	Stopped listening on port 2329
console.warn: TopSitesFeed: Failed to fetch data from Contile server: NetworkError when attempting to fetch resource.
[Parent 25164, IPC I/O Parent] WARNING: file /builds/worker/checkouts/gecko/ipc/chromium/src/base/process_util_win.cc:167
58909713	Marionette	INFO	Marionette enabled
console.warn: SearchSettings: "get: No settings file exists, new profile?" (new NotFoundError("Could not open the file at C:\\Users\\Cxs\\AppData\\Local\\Temp\\rust_mozprofilelmyuCo\\search.json.mozlz4", (void 0)))
console.error: BackgroundUpdate: 
  maybeScheduleBackgroundUpdateTask: exiting after uncaught exception in maybeScheduleBackgroundUpdateTask!
  Message: [Exception... "Component returned failure code: 0x80004005 (NS_ERROR_FAILURE) [nsIWinTaskSchedulerService.deleteTask]"  nsresult: "0x80004005 (NS_ERROR_FAILURE)"  location: "JS frame :: resource://gre/modules/TaskSchedulerWinImpl.jsm :: deleteTask :: line 60"  data: no]
  Stack:
    deleteTask@resource://gre/modules/TaskSchedulerWinImpl.jsm:60:16
deleteTask@resource://gre/modules/TaskScheduler.jsm:145:18
maybeScheduleBackgroundUpdateTask@resource://gre/modules/BackgroundUpdate.jsm:478:31

DevTools listening on ws://localhost:11195/devtools/browser/ad959b7e-6197-46fe-942b-47dd3cc72df9
1637258917131	Marionette	INFO	Listening on port 11200
1637258917205	RemoteAgent	WARN	TLS certificate errors will be ignored for this session
console.error: services.settings: 
  main/query-stripping Signature failed  TypeError: NetworkError: Network request failed
JavaScript warning: https://g.alicdn.com/??kissy/k/6.2.4/seed-min.js,kg/global-util/1.0.7/index-min.js,secdev/sufei_data/3.8.7/index.js, line 6: WebGL context was lost.
JavaScript warning: https://g.alicdn.com/AWSC/et/1.62.1/et_n.js, line 1: WEBGL_debug_renderer_info is deprecated in Firefox and will be removed. Please use RENDERER.
JavaScript warning: https://g.alicdn.com/AWSC/et/1.62.1/et_n.js, line 4: WebGL context was lost.
JavaScript warning: https://g.alicdn.com/??xlly/spl/rp.js,secdev/nsv/1.0.78/ns_e_88_3_n.js?v=1, line 5: WebGL context was lost.
JavaScript warning: https://g.alicdn.com/AWSC/et/1.62.1/et_n.js, line 1: WEBGL_debug_renderer_info is deprecated in Firefox and will be removed. Please use RENDERER.
JavaScript warning: https://g.alicdn.com/AWSC/et/1.62.1/et_n.js, line 4: WebGL context was lost.
JavaScript warning: https://g.alicdn.com/AWSC/fireyejs/1.216.2/fireyejs.js, line 2: WEBGL_debug_renderer_info is deprecated in Firefox and will be removed. Please use RENDERER.
JavaScript warning: https://g.alicdn.com/AWSC/uab/1.140.0/collina.js, line 4: WEBGL_debug_renderer_info is deprecated in Firefox and will be removed. Please use RENDERER.
JavaScript warning: https://g.alicdn.com/??xlly/spl/rp.js,secdev/nsv/1.0.78/ns_e_88_3_n.js?v=1, line 5: WebGL context was lost.
JavaScript warning: https://g.alicdn.com/secdev/sufei_data/3.9.9/index.js, line 1: WebGL context was lost.
JavaScript warning: https://g.alicdn.com/??kissy/k/6.2.4/seed-min.js,kg/global-util/1.0.7/index-min.js,secdev/sufei_data/3.8.7/index.js, line 6: WebGL context was lost.
JavaScript warning: https://g.alicdn.com/??xlly/spl/rp.js,secdev/nsv/1.0.78/ns_e_88_3_n.js?v=1, line 5: WebGL context was lost.
JavaScript warning: https://g.alicdn.com/AWSC/et/1.62.1/et_n.js, line 1: WEBGL_debug_renderer_info is deprecated in Firefox and will be removed. Please use RENDERER.
JavaScript warning: https://g.alicdn.com/AWSC/et/1.62.1/et_n.js, line 4: WebGL context was lost.
JavaScript warning: https://g.alicdn.com/secdev/sufei_data/3.9.9/index.js, line 1: WebGL context was lost.
JavaScript warning: https://g.alicdn.com/AWSC/et/1.62.1/et_n.js, line 1: WEBGL_debug_renderer_info is deprecated in Firefox and will be removed. Please use RENDERER.
JavaScript warning: https://g.alicdn.com/AWSC/et/1.62.1/et_n.js, line 4: WebGL context was lost.
JavaScript warning: https://g.alicdn.com/??xlly/spl/rp.js,secdev/nsv/1.0.78/ns_e_88_3_n.js?v=1, line 5: WebGL context was lost.
JavaScript warning: https://g.alicdn.com/AWSC/uab/1.140.0/collina.js, line 4: WEBGL_debug_renderer_info is deprecated in Firefox and will be removed. Please use RENDERER.
JavaScript warning: https://g.alicdn.com/secdev/sufei_data/3.9.9/index.js, line 1: WebGL context was lost.
JavaScript warning: https://g.alicdn.com/??xlly/spl/rp.js,secdev/nsv/1.0.78/ns_e_88_3_n.js?v=1, line 5: WebGL context was lost.
JavaScript warning: https://g.alicdn.com/AWSC/et/1.62.1/et_n.js, line 1: WEBGL_debug_renderer_info is deprecated in Firefox and will be removed. Please use RENDERER.
JavaScript warning: https://g.alicdn.com/AWSC/et/1.62.1/et_n.js, line 4: WebGL context was lost.
JavaScript warning: https://g.alicdn.com/secdev/sufei_data/3.9.9/index.js, line 1: WebGL context was lost.
JavaScript warning: https://g.alicdn.com/??xlly/spl/rp.js,secdev/nsv/1.0.78/ns_e_88_3_n.js?v=1, line 5: WebGL context was lost.
JavaScript warning: https://g.alicdn.com/AWSC/et/1.62.1/et_n.js, line 1: WEBGL_debug_renderer_info is deprecated in Firefox and will be removed. Please use RENDERER.
JavaScript warning: https://g.alicdn.com/AWSC/et/1.62.1/et_n.js, line 4: WebGL context was lost.
1637258990609	Marionette	WARN	Ignoring event 'DOMContentLoaded' because document has an invalid readyState of 'complete'.
1637259046318	Marionette	INFO	Stopped listening on port 11200
Marionette threw an error: TypeError: browsingContext.currentWindowGlobal is null
getMarionetteCommandsActorProxy/get/<@chrome://remote/content/marionette/actors/MarionetteCommandsParent.jsm:326:29

console.warn: TopSitesFeed: Failed to fetch data from Contile server: NetworkError when attempting to fetch resource.
JavaScript error: chrome://remote/content/marionette/cert.js, line 55: NS_ERROR_NOT_AVAILABLE: Component returned failure code: 0x80040111 (NS_ERROR_NOT_AVAILABLE) [nsICertOverrideService.setDisableAllSecurityChecksAndLetAttackersInterceptMyData]
